<?xml version="1.0" encoding="UTF-8"?>
<!-- Generated by org.testng.reporters.JUnitReportReporter -->
<testsuite hostname="DESKTOP-RC0V6OD" failures="0" tests="1" name="Test.Registrationtest" time="35.811" errors="0" timestamp="2022-02-18T09:40:51 PST" skipped="0">
  <testcase classname="Test.Registrationtest" name="login" time="35.811"/>
  <system-out/>
</testsuite> <!-- Test.Registrationtest -->
