<?xml version="1.0" encoding="UTF-8"?>
<!-- Generated by org.testng.reporters.JUnitReportReporter -->
<testsuite hostname="DESKTOP-RC0V6OD" failures="0" tests="1" name="task.registration2" time="53.119" errors="0" timestamp="2022-02-18T02:46:40 PST" skipped="0">
  <testcase classname="task.registration2" name="test" time="53.119"/>
  <system-out/>
</testsuite> <!-- task.registration2 -->
