<?xml version="1.0" encoding="UTF-8"?>
<!-- Generated by org.testng.reporters.JUnitReportReporter -->
<testsuite hostname="DESKTOP-RC0V6OD" failures="0" tests="1" name="task.User_Test_1" time="22761.156" errors="0" timestamp="2022-02-15T06:19:39 PST" skipped="0">
  <testcase classname="task.User_Test_1" name="testlogin" time="22761.156"/>
  <system-out/>
</testsuite> <!-- task.User_Test_1 -->
